Temp/gradleOut/build/outputs/logs/manifest-merger-release-report.txt
-- Merging decision tree log ---
manifest
ADDED from src/main/AndroidManifest.xml:2:1-22:12
INJECTED from src/main/AndroidManifest.xml:2:1-22:12
INJECTED from src/main/AndroidManifest.xml:2:1-22:12
INJECTED from src/main/AndroidManifest.xml:2:1-22:12
MERGED from [:XRPlugin:] AndroidManifest.xml:2:1-38:12
INJECTED from src/main/AndroidManifest.xml:2:1-22:12
INJECTED from src/main/AndroidManifest.xml:2:1-22:12
INJECTED from src/main/AndroidManifest.xml:2:1-22:12
	package
		ADDED from src/main/AndroidManifest.xml:2:70-105
		INJECTED from src/main/AndroidManifest.xml
		INJECTED from src/main/AndroidManifest.xml
	android:versionName
		INJECTED from src/main/AndroidManifest.xml
		ADDED from src/main/AndroidManifest.xml:2:1-22:12
		INJECTED from src/main/AndroidManifest.xml
	xmlns:tools
		ADDED from src/main/AndroidManifest.xml:2:106-152
	android:versionCode
		INJECTED from src/main/AndroidManifest.xml
		ADDED from src/main/AndroidManifest.xml:2:1-22:12
		INJECTED from src/main/AndroidManifest.xml
	xmlns:android
		ADDED from src/main/AndroidManifest.xml:2:11-69
	android:installLocation
		ADDED from src/main/AndroidManifest.xml:2:153-193
supports-screens
ADDED from src/main/AndroidManifest.xml:3:3-163
	android:largeScreens
		ADDED from src/main/AndroidManifest.xml:3:78-105
	android:smallScreens
		ADDED from src/main/AndroidManifest.xml:3:21-48
	android:normalScreens
		ADDED from src/main/AndroidManifest.xml:3:49-77
	android:xlargeScreens
		ADDED from src/main/AndroidManifest.xml:3:106-134
	android:anyDensity
		ADDED from src/main/AndroidManifest.xml:3:135-160
application
ADDED from src/main/AndroidManifest.xml:4:3-16:17
MERGED from [:XRPlugin:] AndroidManifest.xml:15:5-36:19
MERGED from [:XRPlugin:] AndroidManifest.xml:15:5-36:19
	android:label
		ADDED from src/main/AndroidManifest.xml:4:90-122
	android:icon
		ADDED from src/main/AndroidManifest.xml:4:58-89
	android:banner
		ADDED from src/main/AndroidManifest.xml:4:145-182
	android:theme
		ADDED from src/main/AndroidManifest.xml:4:16-57
	android:isGame
		ADDED from src/main/AndroidManifest.xml:4:123-144
activity#com.unity3d.player.UnityPlayerActivity
ADDED from src/main/AndroidManifest.xml:5:5-12:16
	android:screenOrientation
		ADDED from src/main/AndroidManifest.xml:5:102-139
	android:label
		ADDED from src/main/AndroidManifest.xml:5:69-101
	android:launchMode
		ADDED from src/main/AndroidManifest.xml:5:140-171
	android:hardwareAccelerated
		ADDED from src/main/AndroidManifest.xml:5:354-389
	android:configChanges
		ADDED from src/main/AndroidManifest.xml:5:172-353
	android:name
		ADDED from src/main/AndroidManifest.xml:5:15-68
intent-filter#action:name:android.intent.action.MAIN+category:name:android.intent.category.LAUNCHER+category:name:android.intent.category.LEANBACK_LAUNCHER
ADDED from src/main/AndroidManifest.xml:6:7-10:23
action#android.intent.action.MAIN
ADDED from src/main/AndroidManifest.xml:7:9-61
	android:name
		ADDED from src/main/AndroidManifest.xml:7:17-58
category#android.intent.category.LAUNCHER
ADDED from src/main/AndroidManifest.xml:8:9-69
	android:name
		ADDED from src/main/AndroidManifest.xml:8:19-66
category#android.intent.category.LEANBACK_LAUNCHER
ADDED from src/main/AndroidManifest.xml:9:9-78
	android:name
		ADDED from src/main/AndroidManifest.xml:9:19-75
meta-data#unityplayer.UnityActivity
ADDED from src/main/AndroidManifest.xml:11:7-82
	android:value
		ADDED from src/main/AndroidManifest.xml:11:59-79
	android:name
		ADDED from src/main/AndroidManifest.xml:11:18-58
meta-data#unity.build-id
ADDED from src/main/AndroidManifest.xml:13:5-101
	android:value
		ADDED from src/main/AndroidManifest.xml:13:46-98
	android:name
		ADDED from src/main/AndroidManifest.xml:13:16-45
meta-data#unity.splash-mode
ADDED from src/main/AndroidManifest.xml:14:5-69
	android:value
		ADDED from src/main/AndroidManifest.xml:14:49-66
	android:name
		ADDED from src/main/AndroidManifest.xml:14:16-48
meta-data#unity.splash-enable
ADDED from src/main/AndroidManifest.xml:15:5-74
	android:value
		ADDED from src/main/AndroidManifest.xml:15:51-71
	android:name
		ADDED from src/main/AndroidManifest.xml:15:16-50
uses-feature#0x00020000
ADDED from src/main/AndroidManifest.xml:17:3-52
	android:glEsVersion
		ADDED from src/main/AndroidManifest.xml:17:17-49
uses-permission#android.permission.INTERNET
ADDED from src/main/AndroidManifest.xml:18:3-65
MERGED from [:XRPlugin:] AndroidManifest.xml:12:5-67
MERGED from [:XRPlugin:] AndroidManifest.xml:12:5-67
	android:name
		ADDED from src/main/AndroidManifest.xml:18:20-62
uses-feature#android.hardware.touchscreen
ADDED from src/main/AndroidManifest.xml:19:3-88
	android:required
		ADDED from src/main/AndroidManifest.xml:19:61-85
	android:name
		ADDED from src/main/AndroidManifest.xml:19:17-60
uses-feature#android.hardware.touchscreen.multitouch
ADDED from src/main/AndroidManifest.xml:20:3-99
	android:required
		ADDED from src/main/AndroidManifest.xml:20:72-96
	android:name
		ADDED from src/main/AndroidManifest.xml:20:17-71
uses-feature#android.hardware.touchscreen.multitouch.distinct
ADDED from src/main/AndroidManifest.xml:21:3-108
	android:required
		ADDED from src/main/AndroidManifest.xml:21:81-105
	android:name
		ADDED from src/main/AndroidManifest.xml:21:17-80
uses-sdk
INJECTED from src/main/AndroidManifest.xml reason: use-sdk injection requested
INJECTED from src/main/AndroidManifest.xml
INJECTED from src/main/AndroidManifest.xml
MERGED from [:XRPlugin:] AndroidManifest.xml:6:5-9:54
MERGED from [:XRPlugin:] AndroidManifest.xml:6:5-9:54
INJECTED from src/main/AndroidManifest.xml
INJECTED from src/main/AndroidManifest.xml
	tools:overrideLibrary
		ADDED from [:XRPlugin:] AndroidManifest.xml:9:9-51
	android:targetSdkVersion
		INJECTED from src/main/AndroidManifest.xml
		ADDED from src/main/AndroidManifest.xml
		INJECTED from src/main/AndroidManifest.xml
	android:minSdkVersion
		INJECTED from src/main/AndroidManifest.xml
		ADDED from src/main/AndroidManifest.xml
		INJECTED from src/main/AndroidManifest.xml
uses-permission#android.permission.ACCESS_NETWORK_STATE
ADDED from [:XRPlugin:] AndroidManifest.xml:11:5-79
	android:name
		ADDED from [:XRPlugin:] AndroidManifest.xml:11:22-76
uses-permission#android.permission.CAMERA
ADDED from [:XRPlugin:] AndroidManifest.xml:13:5-65
	android:name
		ADDED from [:XRPlugin:] AndroidManifest.xml:13:22-62
meta-data#com.google.ar.core
ADDED from [:XRPlugin:] AndroidManifest.xml:16:9-18:40
	android:value
		ADDED from [:XRPlugin:] AndroidManifest.xml:18:13-37
	android:name
		ADDED from [:XRPlugin:] AndroidManifest.xml:17:13-46
service#com.the8thwall.reality.app.analytics.android.XRAnalyticsIntentService
ADDED from [:XRPlugin:] AndroidManifest.xml:20:9-105
	android:name
		ADDED from [:XRPlugin:] AndroidManifest.xml:20:18-102
service#com.the8thwall.reality.app.validation.android.XRAppValidationIntentService
ADDED from [:XRPlugin:] AndroidManifest.xml:21:9-110
	android:name
		ADDED from [:XRPlugin:] AndroidManifest.xml:21:18-107
service#com.the8thwall.reality.app.validation.android.XRAppValidationService
ADDED from [:XRPlugin:] AndroidManifest.xml:22:9-24:72
	android:permission
		ADDED from [:XRPlugin:] AndroidManifest.xml:24:13-69
	android:name
		ADDED from [:XRPlugin:] AndroidManifest.xml:23:13-96
meta-data#com.google.ar.core.min_apk_version
ADDED from [:XRPlugin:] AndroidManifest.xml:26:9-28:41
	android:value
		ADDED from [:XRPlugin:] AndroidManifest.xml:28:13-38
	android:name
		ADDED from [:XRPlugin:] AndroidManifest.xml:27:13-62
activity#com.google.ar.core.InstallActivity
ADDED from [:XRPlugin:] AndroidManifest.xml:29:9-35:80
	android:excludeFromRecents
		ADDED from [:XRPlugin:] AndroidManifest.xml:32:13-46
	android:launchMode
		ADDED from [:XRPlugin:] AndroidManifest.xml:34:13-43
	android:exported
		ADDED from [:XRPlugin:] AndroidManifest.xml:33:13-37
	android:configChanges
		ADDED from [:XRPlugin:] AndroidManifest.xml:31:13-74
	android:theme
		ADDED from [:XRPlugin:] AndroidManifest.xml:35:13-77
	android:name
		ADDED from [:XRPlugin:] AndroidManifest.xml:30:13-62